[0m[[0m[0mdebug[0m] [0m[0mRunning TaskDef(Tests, org.scalatest.tools.Framework$$anon$1@b45b77e, false, [SuiteSelector])[0m
[0m[[0m[0minfo[0m] [0m[0m[32mTests:[0m[0m
[0m[[0m[0minfo[0m] [0m[0m[32m- Valid profile id:111226[0m[0m
[0m[[0m[0minfo[0m] [0m[0m[31m- [Ex1] (1p): *** FAILED ***[0m[0m
[0m[[0m[0minfo[0m] [0m[0m[31m  scala.NotImplementedError: an implementation is missing[0m[0m
[0m[[0m[0minfo[0m] [0m[0m[31m  at scala.Predef$.$qmark$qmark$qmark(Predef.scala:344)[0m[0m
[0m[[0m[0minfo[0m] [0m[0m[31m  at ExamPP$.acceptSequence(ExamPP.scala:27)[0m[0m
[0m[[0m[0minfo[0m] [0m[0m[31m  at Tests.testFun$proxy2$1(Tests.scala:22)[0m[0m
[0m[[0m[0minfo[0m] [0m[0m[31m  at Tests.$init$$$anonfun$2(Tests.scala:10)[0m[0m
[0m[[0m[0minfo[0m] [0m[0m[31m  at org.scalatest.Transformer.apply$$anonfun$1(Transformer.scala:22)[0m[0m
[0m[[0m[0minfo[0m] [0m[0m[31m  at org.scalatest.OutcomeOf.outcomeOf(OutcomeOf.scala:85)[0m[0m
[0m[[0m[0minfo[0m] [0m[0m[31m  at org.scalatest.OutcomeOf.outcomeOf$(OutcomeOf.scala:31)[0m[0m
[0m[[0m[0minfo[0m] [0m[0m[31m  at org.scalatest.OutcomeOf$.outcomeOf(OutcomeOf.scala:104)[0m[0m
[0m[[0m[0minfo[0m] [0m[0m[31m  at org.scalatest.Transformer.apply(Transformer.scala:22)[0m[0m
[0m[[0m[0minfo[0m] [0m[0m[31m  at org.scalatest.Transformer.apply(Transformer.scala:21)[0m[0m
[0m[[0m[0minfo[0m] [0m[0m[31m  ...[0m[0m
[0m[[0m[0minfo[0m] [0m[0m[31m- [Ex2] (1p): *** FAILED ***[0m[0m
[0m[[0m[0minfo[0m] [0m[0m[31m  scala.NotImplementedError: an implementation is missing[0m[0m
[0m[[0m[0minfo[0m] [0m[0m[31m  at scala.Predef$.$qmark$qmark$qmark(Predef.scala:344)[0m[0m
[0m[[0m[0minfo[0m] [0m[0m[31m  at ExamPP$.foldACL(ExamPP.scala:37)[0m[0m
[0m[[0m[0minfo[0m] [0m[0m[31m  at Tests.testFun$proxy3$1(Tests.scala:53)[0m[0m
[0m[[0m[0minfo[0m] [0m[0m[31m  at Tests.$init$$$anonfun$3(Tests.scala:42)[0m[0m
[0m[[0m[0minfo[0m] [0m[0m[31m  at org.scalatest.Transformer.apply$$anonfun$1(Transformer.scala:22)[0m[0m
[0m[[0m[0minfo[0m] [0m[0m[31m  at org.scalatest.OutcomeOf.outcomeOf(OutcomeOf.scala:85)[0m[0m
[0m[[0m[0minfo[0m] [0m[0m[31m  at org.scalatest.OutcomeOf.outcomeOf$(OutcomeOf.scala:31)[0m[0m
[0m[[0m[0minfo[0m] [0m[0m[31m  at org.scalatest.OutcomeOf$.outcomeOf(OutcomeOf.scala:104)[0m[0m
[0m[[0m[0minfo[0m] [0m[0m[31m  at org.scalatest.Transformer.apply(Transformer.scala:22)[0m[0m
[0m[[0m[0minfo[0m] [0m[0m[31m  at org.scalatest.Transformer.apply(Transformer.scala:21)[0m[0m
[0m[[0m[0minfo[0m] [0m[0m[31m  ...[0m[0m
[0m[[0m[0minfo[0m] [0m[0m[31m- [Ex3] (1p): *** FAILED ***[0m[0m
[0m[[0m[0minfo[0m] [0m[0m[31m  scala.NotImplementedError: an implementation is missing[0m[0m
[0m[[0m[0minfo[0m] [0m[0m[31m  at scala.Predef$.$qmark$qmark$qmark(Predef.scala:344)[0m[0m
[0m[[0m[0minfo[0m] [0m[0m[31m  at ExamPP$.equivalentUDP10(ExamPP.scala:44)[0m[0m
[0m[[0m[0minfo[0m] [0m[0m[31m  at Tests.testFun$proxy4$1(Tests.scala:145)[0m[0m
[0m[[0m[0minfo[0m] [0m[0m[31m  at Tests.$init$$$anonfun$4(Tests.scala:110)[0m[0m
[0m[[0m[0minfo[0m] [0m[0m[31m  at org.scalatest.Transformer.apply$$anonfun$1(Transformer.scala:22)[0m[0m
[0m[[0m[0minfo[0m] [0m[0m[31m  at org.scalatest.OutcomeOf.outcomeOf(OutcomeOf.scala:85)[0m[0m
[0m[[0m[0minfo[0m] [0m[0m[31m  at org.scalatest.OutcomeOf.outcomeOf$(OutcomeOf.scala:31)[0m[0m
[0m[[0m[0minfo[0m] [0m[0m[31m  at org.scalatest.OutcomeOf$.outcomeOf(OutcomeOf.scala:104)[0m[0m
[0m[[0m[0minfo[0m] [0m[0m[31m  at org.scalatest.Transformer.apply(Transformer.scala:22)[0m[0m
[0m[[0m[0minfo[0m] [0m[0m[31m  at org.scalatest.Transformer.apply(Transformer.scala:21)[0m[0m
[0m[[0m[0minfo[0m] [0m[0m[31m  ...[0m[0m
[0m[[0m[0minfo[0m] [0m[0m[31m- [Ex4] (1p): *** FAILED ***[0m[0m
[0m[[0m[0minfo[0m] [0m[0m[31m  scala.NotImplementedError: an implementation is missing[0m[0m
[0m[[0m[0minfo[0m] [0m[0m[31m  at scala.Predef$.$qmark$qmark$qmark(Predef.scala:344)[0m[0m
[0m[[0m[0minfo[0m] [0m[0m[31m  at ExamPP$.shoppingListPrices(ExamPP.scala:63)[0m[0m
[0m[[0m[0minfo[0m] [0m[0m[31m  at Tests.testFun$proxy5$1(Tests.scala:168)[0m[0m
[0m[[0m[0minfo[0m] [0m[0m[31m  at Tests.$init$$$anonfun$5(Tests.scala:150)[0m[0m
[0m[[0m[0minfo[0m] [0m[0m[31m  at org.scalatest.Transformer.apply$$anonfun$1(Transformer.scala:22)[0m[0m
[0m[[0m[0minfo[0m] [0m[0m[31m  at org.scalatest.OutcomeOf.outcomeOf(OutcomeOf.scala:85)[0m[0m
[0m[[0m[0minfo[0m] [0m[0m[31m  at org.scalatest.OutcomeOf.outcomeOf$(OutcomeOf.scala:31)[0m[0m
[0m[[0m[0minfo[0m] [0m[0m[31m  at org.scalatest.OutcomeOf$.outcomeOf(OutcomeOf.scala:104)[0m[0m
[0m[[0m[0minfo[0m] [0m[0m[31m  at org.scalatest.Transformer.apply(Transformer.scala:22)[0m[0m
[0m[[0m[0minfo[0m] [0m[0m[31m  at org.scalatest.Transformer.apply(Transformer.scala:21)[0m[0m
[0m[[0m[0minfo[0m] [0m[0m[31m  ...[0m[0m
[0m[[0m[0minfo[0m] [0m[0m[31m- [Ex5] (1p): *** FAILED ***[0m[0m
[0m[[0m[0minfo[0m] [0m[0m[31m  scala.NotImplementedError: an implementation is missing[0m[0m
[0m[[0m[0minfo[0m] [0m[0m[31m  at scala.Predef$.$qmark$qmark$qmark(Predef.scala:344)[0m[0m
[0m[[0m[0minfo[0m] [0m[0m[31m  at ExamPP$.positiveValues(ExamPP.scala:71)[0m[0m
[0m[[0m[0minfo[0m] [0m[0m[31m  at Tests.testFun$proxy6$1(Tests.scala:176)[0m[0m
[0m[[0m[0minfo[0m] [0m[0m[31m  at Tests.$init$$$anonfun$6(Tests.scala:175)[0m[0m
[0m[[0m[0minfo[0m] [0m[0m[31m  at org.scalatest.Transformer.apply$$anonfun$1(Transformer.scala:22)[0m[0m
[0m[[0m[0minfo[0m] [0m[0m[31m  at org.scalatest.OutcomeOf.outcomeOf(OutcomeOf.scala:85)[0m[0m
[0m[[0m[0minfo[0m] [0m[0m[31m  at org.scalatest.OutcomeOf.outcomeOf$(OutcomeOf.scala:31)[0m[0m
[0m[[0m[0minfo[0m] [0m[0m[31m  at org.scalatest.OutcomeOf$.outcomeOf(OutcomeOf.scala:104)[0m[0m
[0m[[0m[0minfo[0m] [0m[0m[31m  at org.scalatest.Transformer.apply(Transformer.scala:22)[0m[0m
[0m[[0m[0minfo[0m] [0m[0m[31m  at org.scalatest.Transformer.apply(Transformer.scala:21)[0m[0m
[0m[[0m[0minfo[0m] [0m[0m[31m  ...[0m[0m
[0m[[0m[0minfo[0m] [0m[0m[36mRun completed in 219 milliseconds.[0m[0m
[0m[[0m[0minfo[0m] [0m[0m[36mTotal number of tests run: 6[0m[0m
[0m[[0m[0minfo[0m] [0m[0m[36mSuites: completed 1, aborted 0[0m[0m
[0m[[0m[0minfo[0m] [0m[0m[36mTests: succeeded 1, failed 5, canceled 0, ignored 0, pending 0[0m[0m
[0m[[0m[0minfo[0m] [0m[0m[31m*** 5 TESTS FAILED ***[0m[0m
[0m[[0m[31merror[0m] [0m[0mFailed tests:[0m
[0m[[0m[31merror[0m] [0m[0m	Tests[0m
[0m[[0m[31merror[0m] [0m[0m(Test / [31mtest[0m) sbt.TestsFailedException: Tests unsuccessful[0m
